2025-03-09 11:56:49,471 - INFO - Ride Data: ['2025-03-09 11:56:49', '23.875854, 90.379249', '23.7451, 90.3676', 'selected', 'UberX', 'Fare BDT\xa0643.91', 'estimated drop-off 1:07pm,  driver is 4 minutes away']
2025-03-09 11:56:49,471 - INFO - Ride Data: ['2025-03-09 11:56:49', '23.875854, 90.379249', '23.7451, 90.3676', 'Moto', 'BDT\xa0283.51', 'Discounted from BDT\xa0298.51', 'estimated drop-off 1:06pm,  driver is 2 minutes away, estimated capacity 1, Faster']
2025-03-09 11:56:49,471 - INFO - Ride Data: ['2025-03-09 11:56:49', '23.875854, 90.379249', '23.7451, 90.3676', 'UberXL', 'BDT\xa01', '267.12', 'estimated drop-off 1:09pm,  driver is 5 minutes away']
2025-03-09 11:56:49,471 - INFO - Ride Data: ['2025-03-09 11:56:49', '23.875854, 90.379249', '23.7451, 90.3676', 'Premier', 'BDT\xa0737.22', '1:07pm', ' driver is 3 minutes away']
2025-03-09 12:54:14,713 - INFO - Ride Data: ['2025-03-09 12:54:14', '23.875854, 90.379249', '23.7451, 90.3676', 'selected', 'UberX', 'Fare BDT\xa0651.09', 'estimated drop-off 2:11pm,  driver is 5 minutes away']
2025-03-09 12:54:14,713 - INFO - Ride Data: ['2025-03-09 12:54:14', '23.875854, 90.379249', '23.7451, 90.3676', 'Moto', 'BDT\xa0260.79', 'Discounted from BDT\xa0275.79', 'estimated drop-off 2:09pm,  driver is 2 minutes away, estimated capacity 1, Faster']
2025-03-09 12:54:14,713 - INFO - Ride Data: ['2025-03-09 12:54:14', '23.875854, 90.379249', '23.7451, 90.3676', 'UberXL', 'BDT\xa01', '271.65', 'estimated drop-off 2:11pm,  driver is 5 minutes away']
2025-03-09 12:54:14,713 - INFO - Ride Data: ['2025-03-09 12:54:14', '23.875854, 90.379249', '23.7451, 90.3676', 'Premier', 'BDT\xa0739.52', '2:10pm', ' driver is 4 minutes away']
2025-03-09 12:54:59,219 - INFO - Ride Data: ['2025-03-09 12:54:59', '23.875854, 90.379249', '23.7304, 90.4226', 'selected', 'UberX', 'Fare BDT\xa0720.51', 'estimated drop-off 2:03pm,  driver is 5 minutes away']
2025-03-09 12:54:59,220 - INFO - Ride Data: ['2025-03-09 12:54:59', '23.875854, 90.379249', '23.7304, 90.4226', 'Moto', 'BDT\xa0307.61', 'Discounted from BDT\xa0322.61', 'estimated drop-off 2:01pm,  driver is 2 minutes away, estimated capacity 1, Faster']
2025-03-09 12:54:59,220 - INFO - Ride Data: ['2025-03-09 12:54:59', '23.875854, 90.379249', '23.7304, 90.4226', 'UberXL', 'BDT\xa01', '422.28', 'estimated drop-off 2:03pm,  driver is 4 minutes away']
2025-03-09 12:54:59,220 - INFO - Ride Data: ['2025-03-09 12:54:59', '23.875854, 90.379249', '23.7304, 90.4226', 'Premier', 'BDT\xa0816.47', '2:02pm', ' driver is 4 minutes away']
2025-03-09 12:55:39,037 - INFO - Ride Data: ['2025-03-09 12:55:38', '23.875854, 90.379249', '23.7527, 90.4271', 'selected', 'UberX', 'Fare BDT\xa0657.86', 'estimated drop-off 2:10pm,  driver is 5 minutes away']
2025-03-09 12:55:39,037 - INFO - Ride Data: ['2025-03-09 12:55:38', '23.875854, 90.379249', '23.7527, 90.4271', 'Moto', 'BDT\xa0336.67', 'Discounted from BDT\xa0351.67', 'estimated drop-off 2:08pm,  driver is 2 minutes away, estimated capacity 1, Faster']
2025-03-09 12:55:39,037 - INFO - Ride Data: ['2025-03-09 12:55:39', '23.875854, 90.379249', '23.7527, 90.4271', 'UberXL', 'BDT\xa01', '307.57', 'estimated drop-off 2:10pm,  driver is 5 minutes away']
2025-03-09 12:55:39,037 - INFO - Ride Data: ['2025-03-09 12:55:39', '23.875854, 90.379249', '23.7527, 90.4271', 'Premier', 'BDT\xa0745.83', '2:09pm', ' driver is 4 minutes away']
2025-03-09 13:03:29,419 - INFO - Ride Data: ['2025-03-09 13:03:29', '23.875854, 90.379249', '23.7451, 90.3676', 'selected', 'UberX', 'Fare BDT\xa0653.85', 'estimated drop-off 2:18pm,  driver is 4 minutes away']
2025-03-09 13:03:29,419 - INFO - Ride Data: ['2025-03-09 13:03:29', '23.875854, 90.379249', '23.7451, 90.3676', 'Moto', 'BDT\xa0262.08', 'Discounted from BDT\xa0277.08', 'estimated drop-off 2:15pm,  driver is 2 minutes away, estimated capacity 1, Faster']
2025-03-09 13:03:29,419 - INFO - Ride Data: ['2025-03-09 13:03:29', '23.875854, 90.379249', '23.7451, 90.3676', 'UberXL', 'BDT\xa01', '275.09', 'estimated drop-off 2:19pm,  driver is 6 minutes away']
2025-03-09 13:03:29,419 - INFO - Ride Data: ['2025-03-09 13:03:29', '23.875854, 90.379249', '23.7451, 90.3676', 'Premier', 'BDT\xa0741.73', '2:17pm', ' driver is 3 minutes away']
2025-03-09 13:36:35,690 - INFO - Ride Data: ['2025-03-09 13:36:35', '23.875854, 90.379249', '23.7451, 90.3676', 'selected,UberX,Fare BDT\xa0646.20,estimated drop-off 2:48pm, driver is 5 minutes away', 'images/uberx_route_246.png']
2025-03-09 13:36:35,690 - INFO - Ride Data: ['2025-03-09 13:36:35', '23.875854, 90.379249', '23.7451, 90.3676', 'Moto,Fare   BDT\xa0260.79,Discounted from BDT\xa0275.79,estimated drop-off 2:46pm, driver is 3 minutes away,estimated capacity 1,Faster', 'images/uberx_route_246.png']
2025-03-09 13:36:35,690 - INFO - Ride Data: ['2025-03-09 13:36:35', '23.875854, 90.379249', '23.7451, 90.3676', 'UberXL,Fare BDT\xa01,258.04,estimated drop-off 2:51pm, driver is 8 minutes away', 'images/uberx_route_246.png']
2025-03-09 13:36:35,690 - INFO - Ride Data: ['2025-03-09 13:36:35', '23.875854, 90.379249', '23.7451, 90.3676', 'Premier,Fare BDT\xa0731.17,estimated drop-off 2:47pm, driver is 4 minutes away', 'images/uberx_route_246.png']
2025-03-09 13:39:38,991 - WARNING - Retrying (Retry(total=2, connect=None, read=None, redirect=None, status=None)) after connection broken by 'NewConnectionError('<urllib3.connection.HTTPConnection object at 0x000001E7E6DFA300>: Failed to establish a new connection: [WinError 10061] No connection could be made because the target machine actively refused it')': /session
2025-03-09 13:39:41,048 - WARNING - Retrying (Retry(total=1, connect=None, read=None, redirect=None, status=None)) after connection broken by 'NewConnectionError('<urllib3.connection.HTTPConnection object at 0x000001E7E7835EB0>: Failed to establish a new connection: [WinError 10061] No connection could be made because the target machine actively refused it')': /session
2025-03-09 13:40:24,983 - INFO - Ride Data: ['2025-03-09 13:40:24', 'your_device_id', '23.875854, 90.379249', '23.7451, 90.3676', 'selected,UberX,Fare BDT\xa0642.58,estimated drop-off 2:52pm, driver is 6 minutes away', 'images/your_device_id_uberx_route_246.png']
2025-03-09 13:40:24,983 - INFO - Ride Data: ['2025-03-09 13:40:24', 'your_device_id', '23.875854, 90.379249', '23.7451, 90.3676', 'Moto,Fare   BDT\xa0259.68,Discounted from BDT\xa0274.68,estimated drop-off 2:48pm, driver is 2 minutes away,estimated capacity 1,Faster', 'images/your_device_id_uberx_route_246.png']
2025-03-09 13:40:24,984 - INFO - Ride Data: ['2025-03-09 13:40:24', 'your_device_id', '23.875854, 90.379249', '23.7451, 90.3676', 'UberXL,Fare BDT\xa01,250.77,estimated drop-off 2:54pm, driver is 8 minutes away', 'images/your_device_id_uberx_route_246.png']
2025-03-09 13:40:24,984 - INFO - Ride Data: ['2025-03-09 13:40:24', 'your_device_id', '23.875854, 90.379249', '23.7451, 90.3676', 'Premier,Fare BDT\xa0726.96,estimated drop-off 2:50pm, driver is 4 minutes away', 'images/your_device_id_uberx_route_246.png']
2025-03-09 13:41:01,091 - INFO - Ride Data: ['2025-03-09 13:41:00', 'your_device_id', '23.875854, 90.379249', '23.7304, 90.4226', 'selected,UberX,Fare BDT\xa0723.45,estimated drop-off 2:48pm, driver is 6 minutes away', 'images/your_device_id_uberx_route_247.png']
2025-03-09 13:41:01,091 - INFO - Ride Data: ['2025-03-09 13:41:01', 'your_device_id', '23.875854, 90.379249', '23.7304, 90.4226', 'Moto,Fare   BDT\xa0308.72,Discounted from BDT\xa0323.72,estimated drop-off 2:44pm, driver is 2 minutes away,estimated capacity 1,Faster', 'images/your_device_id_uberx_route_247.png']
2025-03-09 13:41:01,091 - INFO - Ride Data: ['2025-03-09 13:41:01', 'your_device_id', '23.875854, 90.379249', '23.7304, 90.4226', 'UberXL,Fare BDT\xa01,424.84,estimated drop-off 2:50pm, driver is 8 minutes away', 'images/your_device_id_uberx_route_247.png']
2025-03-09 13:41:01,091 - INFO - Ride Data: ['2025-03-09 13:41:01', 'your_device_id', '23.875854, 90.379249', '23.7304, 90.4226', 'Premier,Fare BDT\xa0817.73,estimated drop-off 2:47pm, driver is 4 minutes away', 'images/your_device_id_uberx_route_247.png']
2025-03-09 13:41:47,411 - INFO - Ride Data: ['2025-03-09 13:41:47', 'your_device_id', '23.875854, 90.379249', '23.7527, 90.4271', 'selected,UberX,Fare BDT\xa0664.88,estimated drop-off 2:56pm, driver is 6 minutes away', 'images/your_device_id_uberx_route_248.png']
2025-03-09 13:41:47,411 - INFO - Ride Data: ['2025-03-09 13:41:47', 'your_device_id', '23.875854, 90.379249', '23.7527, 90.4271', 'Moto,Fare   BDT\xa0335.74,Discounted from BDT\xa0350.74,estimated drop-off 2:52pm, driver is 2 minutes away,estimated capacity 1,Faster', 'images/your_device_id_uberx_route_248.png']
2025-03-09 13:41:47,411 - INFO - Ride Data: ['2025-03-09 13:41:47', 'your_device_id', '23.875854, 90.379249', '23.7527, 90.4271', 'UberXL,Fare BDT\xa01,316.59,estimated drop-off 2:58pm, driver is 8 minutes away', 'images/your_device_id_uberx_route_248.png']
2025-03-09 13:41:47,412 - INFO - Ride Data: ['2025-03-09 13:41:47', 'your_device_id', '23.875854, 90.379249', '23.7527, 90.4271', 'Premier,Fare BDT\xa0751.80,estimated drop-off 2:55pm, driver is 4 minutes away', 'images/your_device_id_uberx_route_248.png']
2025-03-09 13:42:36,634 - INFO - Ride Data: ['2025-03-09 13:42:36', 'your_device_id', '23.875854, 90.379249', '23.7409, 90.4116', 'selected,UberX,Fare BDT\xa0655.02,estimated drop-off 2:42pm, driver is 5 minutes away', 'images/your_device_id_uberx_route_249.png']
2025-03-09 13:42:36,634 - INFO - Ride Data: ['2025-03-09 13:42:36', 'your_device_id', '23.875854, 90.379249', '23.7409, 90.4116', 'Moto,Fare   BDT\xa0279.67,Discounted from BDT\xa0294.67,estimated drop-off 2:40pm, driver is 2 minutes away,estimated capacity 1,Faster', 'images/your_device_id_uberx_route_249.png']
2025-03-09 13:42:36,634 - INFO - Ride Data: ['2025-03-09 13:42:36', 'your_device_id', '23.875854, 90.379249', '23.7409, 90.4116', 'Premier,Fare BDT\xa0740.24,estimated drop-off 2:42pm, driver is 4 minutes away', 'images/your_device_id_uberx_route_249.png']
2025-03-09 13:42:36,634 - INFO - Ride Data: ['2025-03-09 13:42:36', 'your_device_id', '23.875854, 90.379249', '23.7409, 90.4116', 'UberXL,Fare BDT\xa01,289.30,estimated drop-off 2:45pm, driver is 8 minutes away', 'images/your_device_id_uberx_route_249.png']
2025-03-09 13:50:54,426 - INFO - Ride Data: ['2025-03-09 13:50:54', 'b7da0983', '23.875854, 90.379249', '23.7451, 90.3676', 'selected,UberX,Fare BDT\xa0645.07,estimated drop-off 3:04pm, driver is 4 minutes away', 'images/b7da0983_uberx_route_246.png']
2025-03-09 13:50:54,426 - INFO - Ride Data: ['2025-03-09 13:50:54', 'b7da0983', '23.875854, 90.379249', '23.7451, 90.3676', 'Moto,Fare   BDT\xa0257.83,Discounted from BDT\xa0272.83,estimated drop-off 3:02pm, driver is 2 minutes away,estimated capacity 1,Faster', 'images/b7da0983_uberx_route_246.png']
2025-03-09 13:50:54,426 - INFO - Ride Data: ['2025-03-09 13:50:54', 'b7da0983', '23.875854, 90.379249', '23.7451, 90.3676', 'UberXL,Fare BDT\xa01,257.61,estimated drop-off 3:06pm, driver is 6 minutes away', 'images/b7da0983_uberx_route_246.png']
2025-03-09 13:50:54,426 - INFO - Ride Data: ['2025-03-09 13:50:54', 'b7da0983', '23.875854, 90.379249', '23.7451, 90.3676', 'Premier,Fare BDT\xa0729.13,estimated drop-off 3:05pm, driver is 5 minutes away', 'images/b7da0983_uberx_route_246.png']
2025-03-09 13:54:51,032 - INFO - Ride Data: ['2025-03-09 13:54:50', 'b7da0983', '23.875854, 90.379249', '23.7451, 90.3676', 'selected,UberX,Fare BDT\xa0648.48,estimated drop-off 3:06pm, driver is 4 minutes away', 'b7da0983_images/b7da0983_uberx_route_246.png']
2025-03-09 13:54:51,032 - INFO - Ride Data: ['2025-03-09 13:54:50', 'b7da0983', '23.875854, 90.379249', '23.7451, 90.3676', 'Moto,Fare   BDT\xa0326.49,Discounted from BDT\xa0341.49,estimated drop-off 3:05pm, driver is 2 minutes away,estimated capacity 1,Faster', 'b7da0983_images/b7da0983_uberx_route_246.png']
2025-03-09 13:54:51,032 - INFO - Ride Data: ['2025-03-09 13:54:50', 'b7da0983', '23.875854, 90.379249', '23.7451, 90.3676', 'UberXL,Fare BDT\xa01,271.11,estimated drop-off 3:09pm, driver is 6 minutes away', 'b7da0983_images/b7da0983_uberx_route_246.png']
2025-03-09 13:54:51,032 - INFO - Ride Data: ['2025-03-09 13:54:51', 'b7da0983', '23.875854, 90.379249', '23.7451, 90.3676', 'Premier,Fare BDT\xa0730.21,estimated drop-off 3:06pm, driver is 3 minutes away', 'b7da0983_images/b7da0983_uberx_route_246.png']
2025-03-09 13:55:42,357 - INFO - Ride Data: ['2025-03-09 13:55:42', 'b7da0983', '23.875854, 90.379249', '23.7304, 90.4226', 'selected,UberX,Fare BDT\xa0725.55,estimated drop-off 3:01pm, driver is 3 minutes away', 'b7da0983_images/b7da0983_uberx_route_247.png']
2025-03-09 13:55:42,357 - INFO - Ride Data: ['2025-03-09 13:55:42', 'b7da0983', '23.875854, 90.379249', '23.7304, 90.4226', 'Moto,Fare   BDT\xa0309.09,Discounted from BDT\xa0324.09,estimated drop-off 3:00pm, driver is 2 minutes away,estimated capacity 1,Faster', 'b7da0983_images/b7da0983_uberx_route_247.png']
2025-03-09 13:55:42,357 - INFO - Ride Data: ['2025-03-09 13:55:42', 'b7da0983', '23.875854, 90.379249', '23.7304, 90.4226', 'UberXL,Fare BDT\xa01,428.70,estimated drop-off 3:06pm, driver is 9 minutes away', 'b7da0983_images/b7da0983_uberx_route_247.png']
2025-03-09 13:55:42,357 - INFO - Ride Data: ['2025-03-09 13:55:42', 'b7da0983', '23.875854, 90.379249', '23.7304, 90.4226', 'Premier,Fare BDT\xa0820.42,estimated drop-off 3:00pm, driver is 3 minutes away', 'b7da0983_images/b7da0983_uberx_route_247.png']
2025-03-09 13:56:50,844 - INFO - Ride Data: ['2025-03-09 13:56:47', 'b7da0983', '23.875854, 90.379249', '23.7527, 90.4271', 'selected,UberX,Fare BDT\xa0659.70,estimated drop-off 3:09pm, driver is 4 minutes away', 'b7da0983_images/b7da0983_uberx_route_248.png']
2025-03-09 13:56:50,844 - INFO - Ride Data: ['2025-03-09 13:56:50', 'b7da0983', '23.875854, 90.379249', '23.7527, 90.4271', 'Moto,Fare   BDT\xa0336.67,Discounted from BDT\xa0351.67,estimated drop-off 3:08pm, driver is 2 minutes away,estimated capacity 1,Faster', 'b7da0983_images/b7da0983_uberx_route_248.png']
2025-03-09 13:56:50,844 - INFO - Ride Data: ['2025-03-09 13:56:50', 'b7da0983', '23.875854, 90.379249', '23.7527, 90.4271', 'UberXL,Fare BDT\xa01,307.72,estimated drop-off 3:14pm, driver is 9 minutes away', 'b7da0983_images/b7da0983_uberx_route_248.png']
2025-03-09 13:56:50,844 - INFO - Ride Data: ['2025-03-09 13:56:50', 'b7da0983', '23.875854, 90.379249', '23.7527, 90.4271', 'Premier,Fare BDT\xa0746.30,estimated drop-off 3:09pm, driver is 3 minutes away', 'b7da0983_images/b7da0983_uberx_route_248.png']
2025-03-09 13:58:43,160 - INFO - Ride Data: ['2025-03-09 13:58:43', 'b7da0983', '23.875854, 90.379249', '23.7451, 90.3676', 'selected,UberX,Fare BDT\xa0647.80,estimated drop-off 3:11pm, driver is 4 minutes away', 'b7da0983_images/b7da0983_uberx_route_246.png']
2025-03-09 13:58:43,160 - INFO - Ride Data: ['2025-03-09 13:58:43', 'b7da0983', '23.875854, 90.379249', '23.7451, 90.3676', 'Moto,Fare   BDT\xa0326.49,Discounted from BDT\xa0341.49,estimated drop-off 3:09pm, driver is 2 minutes away,estimated capacity 1,Faster', 'b7da0983_images/b7da0983_uberx_route_246.png']
2025-03-09 13:58:43,161 - INFO - Ride Data: ['2025-03-09 13:58:43', 'b7da0983', '23.875854, 90.379249', '23.7451, 90.3676', 'UberXL,Fare BDT\xa01,271.34,estimated drop-off 3:14pm, driver is 7 minutes away', 'b7da0983_images/b7da0983_uberx_route_246.png']
2025-03-09 13:58:43,161 - INFO - Ride Data: ['2025-03-09 13:58:43', 'b7da0983', '23.875854, 90.379249', '23.7451, 90.3676', 'Premier,Fare BDT\xa0729.94,estimated drop-off 3:11pm, driver is 4 minutes away', 'b7da0983_images/b7da0983_uberx_route_246.png']
2025-03-09 14:01:35,631 - INFO - Ride Data: ['2025-03-09 14:01:35', 'b7da0983', '23.875854, 90.379249', '23.7451, 90.3676', 'selected,UberX,Fare BDT\xa0647.90,estimated drop-off 3:14pm, driver is 4 minutes away', 'b7da0983_images/b7da0983_uberx_route_246.png']
2025-03-09 14:01:35,631 - INFO - Ride Data: ['2025-03-09 14:01:35', 'b7da0983', '23.875854, 90.379249', '23.7451, 90.3676', 'Moto,Fare   BDT\xa0326.30,Discounted from BDT\xa0341.30,estimated drop-off 3:13pm, driver is 3 minutes away,estimated capacity 1,Faster', 'b7da0983_images/b7da0983_uberx_route_246.png']
2025-03-09 14:01:35,631 - INFO - Ride Data: ['2025-03-09 14:01:35', 'b7da0983', '23.875854, 90.379249', '23.7451, 90.3676', 'Premier,Fare BDT\xa0729.71,estimated drop-off 3:14pm, driver is 4 minutes away', 'b7da0983_images/b7da0983_uberx_route_246.png']
2025-03-09 14:01:35,631 - INFO - Ride Data: ['2025-03-09 14:01:35', 'b7da0983', '23.875854, 90.379249', '23.7451, 90.3676', 'UberXL,Fare BDT\xa01,272.07,estimated drop-off 3:17pm, driver is 7 minutes away', 'b7da0983_images/b7da0983_uberx_route_246.png']
2025-03-09 14:03:26,208 - INFO - Ride Data: ['2025-03-09 14:03:26', 'b7da0983', '23.875854, 90.379249', '23.7451, 90.3676', 'selected,UberX,Fare BDT\xa0647.90,estimated drop-off 3:14pm, driver is 4 minutes away', 'b7da0983_images/b7da0983_uberx_route_246.png']
2025-03-09 14:03:26,208 - INFO - Ride Data: ['2025-03-09 14:03:26', 'b7da0983', '23.875854, 90.379249', '23.7451, 90.3676', 'Moto,Fare   BDT\xa0326.30,Discounted from BDT\xa0341.30,estimated drop-off 3:13pm, driver is 3 minutes away,estimated capacity 1,Faster', 'b7da0983_images/b7da0983_uberx_route_246.png']
2025-03-09 14:03:26,209 - INFO - Ride Data: ['2025-03-09 14:03:26', 'b7da0983', '23.875854, 90.379249', '23.7451, 90.3676', 'Premier,Fare BDT\xa0729.71,estimated drop-off 3:14pm, driver is 4 minutes away', 'b7da0983_images/b7da0983_uberx_route_246.png']
2025-03-09 14:03:26,209 - INFO - Ride Data: ['2025-03-09 14:03:26', 'b7da0983', '23.875854, 90.379249', '23.7451, 90.3676', 'UberXL,Fare BDT\xa01,272.07,estimated drop-off 3:17pm, driver is 7 minutes away', 'b7da0983_images/b7da0983_uberx_route_246.png']
